<?xml version="1.0" encoding="utf-8"?><testsuites name="pytest tests"><testsuite name="pytest" errors="0" failures="0" skipped="0" tests="18" time="1.832" timestamp="2026-06-29T20:38:48.573452+00:00" hostname="agent-env-7fde4af6-20de-4759-94db-f827f2bbc703"><testcase classname="tests.test_salon_api.TestReviews" name="test_list_reviews_seeded" time="0.269" /><testcase classname="tests.test_salon_api.TestAdmin" name="test_login_wrong_password" time="0.334" /><testcase classname="tests.test_salon_api.TestReviews" name="test_create_review" time="0.054" /><testcase classname="tests.test_salon_api.TestReviews" name="test_invalid_rating_low" time="0.046" /><testcase classname="tests.test_salon_api.TestAdmin" name="test_login_correct" time="0.055" /><testcase classname="tests.test_salon_api.TestReviews" name="test_invalid_rating_high" time="0.045" /><testcase classname="tests.test_salon_api.TestAdmin" name="test_stats_requires_admin" time="0.093" /><testcase classname="tests.test_salon_api.TestServices" name="test_list_services_seeded" time="0.045" /><testcase classname="tests.test_salon_api.TestServices" name="test_admin_create_and_delete_service" time="0.291" /><testcase classname="tests.test_salon_api.TestAdmin" name="test_stats" time="0.189" /><testcase classname="tests.test_salon_api.TestContact" name="test_create_contact" time="0.070" /><testcase classname="tests.test_salon_api.TestContact" name="test_list_contact_requires_admin" time="0.048" /><testcase classname="tests.test_salon_api.TestServices" name="test_create_service_requires_admin" time="0.047" /><testcase classname="tests.test_salon_api.TestContact" name="test_list_contact_admin" time="0.088" /><testcase classname="tests.test_salon_api.TestBookings" name="test_create_booking" time="0.299" /><testcase classname="tests.test_salon_api.TestHealth" name="test_root" time="0.047" /><testcase classname="tests.test_salon_api.TestBookings" name="test_empty_services_rejected" time="0.048" /><testcase classname="tests.test_salon_api.TestBookings" name="test_list_bookings_requires_admin" time="0.059" /></testsuite></testsuites>